{"/Users/kamilakaz77/Desktop/Daily/Master/2 триместр/Frontend/ass_5/backend/middleware/admin.middleware.js": {"path":"/Users/kamilakaz77/Desktop/Daily/Master/2 триместр/Frontend/ass_5/backend/middleware/admin.middleware.js","statementMap":{"0":{"start":{"line":1,"column":0},"end":{"line":6,"column":2}},"1":{"start":{"line":2,"column":2},"end":{"line":4,"column":3}},"2":{"start":{"line":3,"column":4},"end":{"line":3,"column":66}},"3":{"start":{"line":5,"column":2},"end":{"line":5,"column":9}}},"fnMap":{"0":{"name":"admin","decl":{"start":{"line":1,"column":26},"end":{"line":1,"column":31}},"loc":{"start":{"line":1,"column":48},"end":{"line":6,"column":1}},"line":1}},"branchMap":{"0":{"loc":{"start":{"line":2,"column":2},"end":{"line":4,"column":3}},"type":"if","locations":[{"start":{"line":2,"column":2},"end":{"line":4,"column":3}},{"start":{},"end":{}}],"line":2}},"s":{"0":3,"1":1,"2":1,"3":0},"f":{"0":1},"b":{"0":[1,0]},"_coverageSchema":"1a1c01bbd47fc00a2c39e90264f33305004495a9","hash":"ce8a11b43efde9ca3c0d5ebe59fa70bf3b88735c"}
,"/Users/kamilakaz77/Desktop/Daily/Master/2 триместр/Frontend/ass_5/backend/middleware/auth.middleware.js": {"path":"/Users/kamilakaz77/Desktop/Daily/Master/2 триместр/Frontend/ass_5/backend/middleware/auth.middleware.js","statementMap":{"0":{"start":{"line":1,"column":12},"end":{"line":1,"column":35}},"1":{"start":{"line":2,"column":15},"end":{"line":2,"column":37}},"2":{"start":{"line":4,"column":0},"end":{"line":22,"column":2}},"3":{"start":{"line":5,"column":17},"end":{"line":5,"column":42}},"4":{"start":{"line":6,"column":2},"end":{"line":8,"column":3}},"5":{"start":{"line":7,"column":4},"end":{"line":7,"column":66}},"6":{"start":{"line":10,"column":16},"end":{"line":10,"column":36}},"7":{"start":{"line":11,"column":2},"end":{"line":13,"column":3}},"8":{"start":{"line":12,"column":4},"end":{"line":12,"column":69}},"9":{"start":{"line":15,"column":2},"end":{"line":21,"column":3}},"10":{"start":{"line":16,"column":20},"end":{"line":16,"column":45}},"11":{"start":{"line":17,"column":4},"end":{"line":17,"column":23}},"12":{"start":{"line":18,"column":4},"end":{"line":18,"column":11}},"13":{"start":{"line":20,"column":4},"end":{"line":20,"column":62}}},"fnMap":{"0":{"name":"auth","decl":{"start":{"line":4,"column":26},"end":{"line":4,"column":30}},"loc":{"start":{"line":4,"column":47},"end":{"line":22,"column":1}},"line":4}},"branchMap":{"0":{"loc":{"start":{"line":6,"column":2},"end":{"line":8,"column":3}},"type":"if","locations":[{"start":{"line":6,"column":2},"end":{"line":8,"column":3}},{"start":{},"end":{}}],"line":6},"1":{"loc":{"start":{"line":11,"column":2},"end":{"line":13,"column":3}},"type":"if","locations":[{"start":{"line":11,"column":2},"end":{"line":13,"column":3}},{"start":{},"end":{}}],"line":11}},"s":{"0":3,"1":3,"2":3,"3":3,"4":3,"5":1,"6":2,"7":2,"8":1,"9":1,"10":1,"11":1,"12":1,"13":0},"f":{"0":3},"b":{"0":[1,2],"1":[1,1]},"_coverageSchema":"1a1c01bbd47fc00a2c39e90264f33305004495a9","hash":"6290c940582067b131b83e6dbe7813836933898e"}
,"/Users/kamilakaz77/Desktop/Daily/Master/2 триместр/Frontend/ass_5/backend/routes/auth.routes.js": {"path":"/Users/kamilakaz77/Desktop/Daily/Master/2 триместр/Frontend/ass_5/backend/routes/auth.routes.js","statementMap":{"0":{"start":{"line":1,"column":16},"end":{"line":1,"column":34}},"1":{"start":{"line":2,"column":15},"end":{"line":2,"column":34}},"2":{"start":{"line":3,"column":12},"end":{"line":3,"column":35}},"3":{"start":{"line":4,"column":13},"end":{"line":4,"column":38}},"4":{"start":{"line":6,"column":15},"end":{"line":6,"column":31}},"5":{"start":{"line":7,"column":15},"end":{"line":7,"column":63}},"6":{"start":{"line":9,"column":0},"end":{"line":26,"column":3}},"7":{"start":{"line":10,"column":43},"end":{"line":10,"column":51}},"8":{"start":{"line":11,"column":17},"end":{"line":11,"column":59}},"9":{"start":{"line":13,"column":2},"end":{"line":17,"column":3}},"10":{"start":{"line":14,"column":4},"end":{"line":16,"column":7}},"11":{"start":{"line":19,"column":17},"end":{"line":19,"column":48}},"12":{"start":{"line":20,"column":2},"end":{"line":24,"column":5}},"13":{"start":{"line":25,"column":2},"end":{"line":25,"column":40}},"14":{"start":{"line":29,"column":0},"end":{"line":62,"column":3}},"15":{"start":{"line":30,"column":33},"end":{"line":30,"column":41}},"16":{"start":{"line":32,"column":2},"end":{"line":61,"column":3}},"17":{"start":{"line":33,"column":17},"end":{"line":33,"column":49}},"18":{"start":{"line":34,"column":4},"end":{"line":36,"column":5}},"19":{"start":{"line":35,"column":6},"end":{"line":35,"column":70}},"20":{"start":{"line":38,"column":18},"end":{"line":38,"column":63}},"21":{"start":{"line":39,"column":4},"end":{"line":41,"column":5}},"22":{"start":{"line":40,"column":6},"end":{"line":40,"column":70}},"23":{"start":{"line":43,"column":18},"end":{"line":51,"column":5}},"24":{"start":{"line":53,"column":4},"end":{"line":58,"column":7}},"25":{"start":{"line":60,"column":4},"end":{"line":60,"column":61}},"26":{"start":{"line":65,"column":0},"end":{"line":68,"column":3}},"27":{"start":{"line":66,"column":17},"end":{"line":66,"column":69}},"28":{"start":{"line":67,"column":2},"end":{"line":67,"column":33}},"29":{"start":{"line":70,"column":0},"end":{"line":70,"column":24}}},"fnMap":{"0":{"name":"(anonymous_0)","decl":{"start":{"line":9,"column":25},"end":{"line":9,"column":26}},"loc":{"start":{"line":9,"column":45},"end":{"line":26,"column":1}},"line":9},"1":{"name":"(anonymous_1)","decl":{"start":{"line":29,"column":22},"end":{"line":29,"column":23}},"loc":{"start":{"line":29,"column":42},"end":{"line":62,"column":1}},"line":29},"2":{"name":"(anonymous_2)","decl":{"start":{"line":65,"column":40},"end":{"line":65,"column":41}},"loc":{"start":{"line":65,"column":60},"end":{"line":68,"column":1}},"line":65}},"branchMap":{"0":{"loc":{"start":{"line":7,"column":15},"end":{"line":7,"column":63}},"type":"binary-expr","locations":[{"start":{"line":7,"column":15},"end":{"line":7,"column":37}},{"start":{"line":7,"column":41},"end":{"line":7,"column":63}}],"line":7},"1":{"loc":{"start":{"line":13,"column":2},"end":{"line":17,"column":3}},"type":"if","locations":[{"start":{"line":13,"column":2},"end":{"line":17,"column":3}},{"start":{},"end":{}}],"line":13},"2":{"loc":{"start":{"line":34,"column":4},"end":{"line":36,"column":5}},"type":"if","locations":[{"start":{"line":34,"column":4},"end":{"line":36,"column":5}},{"start":{},"end":{}}],"line":34},"3":{"loc":{"start":{"line":39,"column":4},"end":{"line":41,"column":5}},"type":"if","locations":[{"start":{"line":39,"column":4},"end":{"line":41,"column":5}},{"start":{},"end":{}}],"line":39}},"s":{"0":4,"1":4,"2":4,"3":4,"4":4,"5":4,"6":4,"7":2,"8":2,"9":2,"10":1,"11":1,"12":1,"13":1,"14":4,"15":3,"16":3,"17":3,"18":2,"19":1,"20":1,"21":1,"22":1,"23":0,"24":0,"25":1,"26":4,"27":0,"28":0,"29":4},"f":{"0":2,"1":3,"2":0},"b":{"0":[4,4],"1":[1,1],"2":[1,1],"3":[1,0]},"_coverageSchema":"1a1c01bbd47fc00a2c39e90264f33305004495a9","hash":"b47e8debb287db96bc83f402e85f8576355b72e9"}
,"/Users/kamilakaz77/Desktop/Daily/Master/2 триместр/Frontend/ass_5/backend/routes/survey.routes.js": {"path":"/Users/kamilakaz77/Desktop/Daily/Master/2 триместр/Frontend/ass_5/backend/routes/survey.routes.js","statementMap":{"0":{"start":{"line":1,"column":16},"end":{"line":1,"column":34}},"1":{"start":{"line":2,"column":15},"end":{"line":2,"column":31}},"2":{"start":{"line":4,"column":13},"end":{"line":4,"column":53}},"3":{"start":{"line":5,"column":14},"end":{"line":5,"column":55}},"4":{"start":{"line":6,"column":15},"end":{"line":6,"column":42}},"5":{"start":{"line":8,"column":0},"end":{"line":26,"column":3}},"6":{"start":{"line":9,"column":29},"end":{"line":9,"column":37}},"7":{"start":{"line":10,"column":15},"end":{"line":10,"column":23}},"8":{"start":{"line":11,"column":2},"end":{"line":13,"column":3}},"9":{"start":{"line":12,"column":4},"end":{"line":12,"column":75}},"10":{"start":{"line":15,"column":2},"end":{"line":25,"column":3}},"11":{"start":{"line":16,"column":4},"end":{"line":20,"column":6}},"12":{"start":{"line":21,"column":4},"end":{"line":21,"column":42}},"13":{"start":{"line":23,"column":4},"end":{"line":23,"column":23}},"14":{"start":{"line":24,"column":4},"end":{"line":24,"column":63}},"15":{"start":{"line":28,"column":0},"end":{"line":36,"column":3}},"16":{"start":{"line":29,"column":2},"end":{"line":35,"column":3}},"17":{"start":{"line":30,"column":20},"end":{"line":30,"column":63}},"18":{"start":{"line":31,"column":4},"end":{"line":31,"column":22}},"19":{"start":{"line":33,"column":4},"end":{"line":33,"column":23}},"20":{"start":{"line":34,"column":4},"end":{"line":34,"column":64}},"21":{"start":{"line":38,"column":0},"end":{"line":49,"column":3}},"22":{"start":{"line":39,"column":2},"end":{"line":41,"column":3}},"23":{"start":{"line":40,"column":4},"end":{"line":40,"column":58}},"24":{"start":{"line":42,"column":2},"end":{"line":48,"column":3}},"25":{"start":{"line":43,"column":20},"end":{"line":43,"column":86}},"26":{"start":{"line":44,"column":4},"end":{"line":44,"column":22}},"27":{"start":{"line":46,"column":4},"end":{"line":46,"column":23}},"28":{"start":{"line":47,"column":4},"end":{"line":47,"column":64}},"29":{"start":{"line":51,"column":0},"end":{"line":51,"column":24}}},"fnMap":{"0":{"name":"(anonymous_0)","decl":{"start":{"line":8,"column":23},"end":{"line":8,"column":24}},"loc":{"start":{"line":8,"column":43},"end":{"line":26,"column":1}},"line":8},"1":{"name":"(anonymous_1)","decl":{"start":{"line":28,"column":34},"end":{"line":28,"column":35}},"loc":{"start":{"line":28,"column":54},"end":{"line":36,"column":1}},"line":28},"2":{"name":"(anonymous_2)","decl":{"start":{"line":38,"column":29},"end":{"line":38,"column":30}},"loc":{"start":{"line":38,"column":49},"end":{"line":49,"column":1}},"line":38}},"branchMap":{"0":{"loc":{"start":{"line":11,"column":2},"end":{"line":13,"column":3}},"type":"if","locations":[{"start":{"line":11,"column":2},"end":{"line":13,"column":3}},{"start":{},"end":{}}],"line":11},"1":{"loc":{"start":{"line":11,"column":6},"end":{"line":11,"column":41}},"type":"binary-expr","locations":[{"start":{"line":11,"column":6},"end":{"line":11,"column":11}},{"start":{"line":11,"column":15},"end":{"line":11,"column":23}},{"start":{"line":11,"column":27},"end":{"line":11,"column":41}}],"line":11},"2":{"loc":{"start":{"line":39,"column":2},"end":{"line":41,"column":3}},"type":"if","locations":[{"start":{"line":39,"column":2},"end":{"line":41,"column":3}},{"start":{},"end":{}}],"line":39}},"s":{"0":4,"1":4,"2":4,"3":4,"4":4,"5":4,"6":2,"7":2,"8":2,"9":0,"10":2,"11":2,"12":2,"13":0,"14":0,"15":4,"16":2,"17":2,"18":1,"19":1,"20":1,"21":4,"22":2,"23":1,"24":1,"25":1,"26":1,"27":0,"28":0,"29":4},"f":{"0":2,"1":2,"2":2},"b":{"0":[0,2],"1":[2,2,2],"2":[1,1]},"_coverageSchema":"1a1c01bbd47fc00a2c39e90264f33305004495a9","hash":"58b3d54603cc95263f310395616113fcffc1ab4e"}
}
