TN:
SF:middleware/admin.middleware.js
FN:1,admin
FNF:1
FNH:1
FNDA:1,admin
DA:1,3
DA:2,1
DA:3,1
DA:5,0
LF:4
LH:3
BRDA:2,0,0,1
BRDA:2,0,1,0
BRF:2
BRH:1
end_of_record
TN:
SF:middleware/auth.middleware.js
FN:5,auth
FNF:1
FNH:1
FNDA:3,auth
DA:1,3
DA:3,3
DA:5,3
DA:6,3
DA:8,3
DA:9,1
DA:12,2
DA:13,2
DA:14,1
DA:17,1
DA:18,1
DA:19,1
DA:20,1
DA:22,0
LF:14
LH:13
BRDA:3,0,0,3
BRDA:3,0,1,3
BRDA:8,1,0,1
BRDA:8,1,1,2
BRDA:13,2,0,1
BRDA:13,2,1,1
BRF:6
BRH:6
end_of_record
TN:
SF:routes/auth.routes.js
FN:9,(anonymous_0)
FN:29,(anonymous_1)
FN:65,(anonymous_2)
FNF:3
FNH:2
FNDA:2,(anonymous_0)
FNDA:3,(anonymous_1)
FNDA:0,(anonymous_2)
DA:1,4
DA:2,4
DA:3,4
DA:4,4
DA:6,4
DA:7,4
DA:9,4
DA:10,2
DA:11,2
DA:13,2
DA:14,1
DA:19,1
DA:20,1
DA:25,1
DA:29,4
DA:30,3
DA:32,3
DA:33,3
DA:34,2
DA:35,1
DA:38,1
DA:39,1
DA:40,1
DA:43,0
DA:53,0
DA:60,1
DA:65,4
DA:66,0
DA:67,0
DA:70,4
LF:30
LH:26
BRDA:7,0,0,4
BRDA:7,0,1,4
BRDA:13,1,0,1
BRDA:13,1,1,1
BRDA:34,2,0,1
BRDA:34,2,1,1
BRDA:39,3,0,1
BRDA:39,3,1,0
BRF:8
BRH:7
end_of_record
TN:
SF:routes/survey.routes.js
FN:81,(anonymous_0)
FN:111,(anonymous_1)
FN:122,(anonymous_2)
FNF:3
FNH:3
FNDA:2,(anonymous_0)
FNDA:2,(anonymous_1)
FNDA:2,(anonymous_2)
DA:73,4
DA:74,4
DA:76,4
DA:77,4
DA:78,4
DA:81,4
DA:82,2
DA:83,2
DA:85,2
DA:86,0
DA:89,2
DA:90,2
DA:103,2
DA:105,0
DA:106,0
DA:111,4
DA:112,2
DA:113,2
DA:114,1
DA:116,1
DA:117,1
DA:122,4
DA:123,2
DA:124,1
DA:127,1
DA:128,1
DA:131,1
DA:133,0
DA:134,0
DA:138,4
LF:30
LH:25
BRDA:85,0,0,0
BRDA:85,0,1,2
BRDA:85,1,0,2
BRDA:85,1,1,2
BRDA:85,1,2,2
BRDA:123,2,0,1
BRDA:123,2,1,1
BRF:7
BRH:6
end_of_record
