TN:
SF:middleware/admin.middleware.js
FN:1,admin
FNF:1
FNH:1
FNDA:1,admin
DA:1,3
DA:2,1
DA:3,1
DA:5,0
LF:4
LH:3
BRDA:2,0,0,1
BRDA:2,0,1,0
BRF:2
BRH:1
end_of_record
TN:
SF:middleware/auth.middleware.js
FN:4,auth
FNF:1
FNH:1
FNDA:3,auth
DA:1,3
DA:2,3
DA:4,3
DA:5,3
DA:6,3
DA:7,1
DA:10,2
DA:11,2
DA:12,1
DA:15,1
DA:16,1
DA:17,1
DA:18,1
DA:20,0
LF:14
LH:13
BRDA:6,0,0,1
BRDA:6,0,1,2
BRDA:11,1,0,1
BRDA:11,1,1,1
BRF:4
BRH:4
end_of_record
TN:
SF:routes/auth.routes.js
FN:9,(anonymous_0)
FN:29,(anonymous_1)
FN:65,(anonymous_2)
FNF:3
FNH:2
FNDA:2,(anonymous_0)
FNDA:3,(anonymous_1)
FNDA:0,(anonymous_2)
DA:1,4
DA:2,4
DA:3,4
DA:4,4
DA:6,4
DA:7,4
DA:9,4
DA:10,2
DA:11,2
DA:13,2
DA:14,1
DA:19,1
DA:20,1
DA:25,1
DA:29,4
DA:30,3
DA:32,3
DA:33,3
DA:34,2
DA:35,1
DA:38,1
DA:39,1
DA:40,1
DA:43,0
DA:53,0
DA:60,1
DA:65,4
DA:66,0
DA:67,0
DA:70,4
LF:30
LH:26
BRDA:7,0,0,4
BRDA:7,0,1,4
BRDA:13,1,0,1
BRDA:13,1,1,1
BRDA:34,2,0,1
BRDA:34,2,1,1
BRDA:39,3,0,1
BRDA:39,3,1,0
BRF:8
BRH:7
end_of_record
TN:
SF:routes/survey.routes.js
FN:8,(anonymous_0)
FN:28,(anonymous_1)
FN:38,(anonymous_2)
FNF:3
FNH:3
FNDA:2,(anonymous_0)
FNDA:2,(anonymous_1)
FNDA:2,(anonymous_2)
DA:1,4
DA:2,4
DA:4,4
DA:5,4
DA:6,4
DA:8,4
DA:9,2
DA:10,2
DA:11,2
DA:12,0
DA:15,2
DA:16,2
DA:21,2
DA:23,0
DA:24,0
DA:28,4
DA:29,2
DA:30,2
DA:31,1
DA:33,1
DA:34,1
DA:38,4
DA:39,2
DA:40,1
DA:42,1
DA:43,1
DA:44,1
DA:46,0
DA:47,0
DA:51,4
LF:30
LH:25
BRDA:11,0,0,0
BRDA:11,0,1,2
BRDA:11,1,0,2
BRDA:11,1,1,2
BRDA:11,1,2,2
BRDA:39,2,0,1
BRDA:39,2,1,1
BRF:7
BRH:6
end_of_record
